[INFO  - 2019-03-11T02:54:21.677Z] GhostDriver - Main - running on port 56136
[INFO  - 2019-03-11T02:54:22.286Z] Session [f9021220-43a8-11e9-a44b-8d44f2ff85a1] - page.settings - {"XSSAuditingEnabled":false,"javascriptCanCloseWindows":true,"javascriptCanOpenWindows":true,"javascriptEnabled":true,"loadImages":true,"localToRemoteUrlAccessEnabled":false,"userAgent":"Mozilla/5.0 (Windows NT 6.2; WOW64) AppleWebKit/538.1 (KHTML, like Gecko) PhantomJS/2.1.1 Safari/538.1","webSecurityEnabled":true}
[INFO  - 2019-03-11T02:54:22.286Z] Session [f9021220-43a8-11e9-a44b-8d44f2ff85a1] - page.customHeaders:  - {}
[INFO  - 2019-03-11T02:54:22.287Z] Session [f9021220-43a8-11e9-a44b-8d44f2ff85a1] - Session.negotiatedCapabilities - {"browserName":"phantomjs","version":"2.1.1","driverName":"ghostdriver","driverVersion":"1.2.0","platform":"windows-10-32bit","javascriptEnabled":true,"takesScreenshot":true,"handlesAlerts":false,"databaseEnabled":false,"locationContextEnabled":false,"applicationCacheEnabled":false,"browserConnectionEnabled":false,"cssSelectorsEnabled":true,"webStorageEnabled":false,"rotatable":false,"acceptSslCerts":false,"nativeEvents":true,"proxy":{"proxyType":"direct"}}
[INFO  - 2019-03-11T02:54:22.287Z] SessionManagerReqHand - _postNewSessionCommand - New Session Created: f9021220-43a8-11e9-a44b-8d44f2ff85a1
[ERROR - 2019-03-11T02:55:26.134Z] Session [f9021220-43a8-11e9-a44b-8d44f2ff85a1] - page.onError - msg: TypeError: undefined is not an object (evaluating 'e.html')

  phantomjs://platform/console++.js:263 in error
[ERROR - 2019-03-11T02:55:26.134Z] Session [f9021220-43a8-11e9-a44b-8d44f2ff85a1] - page.onError - stack:
  (anonymous function) (http://img.17k.com/2015/js/subject/chapter_free.js:1)
  onreadystatechange (http://img.17k.com/2015/Q/Q.js:1)

  phantomjs://platform/console++.js:263 in error
[ERROR - 2019-03-11T02:55:30.331Z] Session [f9021220-43a8-11e9-a44b-8d44f2ff85a1] - page.onError - msg: TypeError: undefined is not an object (evaluating 'e.html')

  phantomjs://platform/console++.js:263 in error
[ERROR - 2019-03-11T02:55:30.331Z] Session [f9021220-43a8-11e9-a44b-8d44f2ff85a1] - page.onError - stack:
  (anonymous function) (http://img.17k.com/2015/js/subject/chapter_free.js:1)
  onreadystatechange (http://img.17k.com/2015/Q/Q.js:1)

  phantomjs://platform/console++.js:263 in error
[ERROR - 2019-03-11T02:55:40.523Z] Session [f9021220-43a8-11e9-a44b-8d44f2ff85a1] - page.onError - msg: TypeError: undefined is not an object (evaluating 'e.html')

  phantomjs://platform/console++.js:263 in error
[ERROR - 2019-03-11T02:55:40.523Z] Session [f9021220-43a8-11e9-a44b-8d44f2ff85a1] - page.onError - stack:
  (anonymous function) (http://img.17k.com/2015/js/subject/chapter_free.js:1)
  onreadystatechange (http://img.17k.com/2015/Q/Q.js:1)

  phantomjs://platform/console++.js:263 in error
[ERROR - 2019-03-11T02:55:45.284Z] Session [f9021220-43a8-11e9-a44b-8d44f2ff85a1] - page.onError - msg: TypeError: undefined is not an object (evaluating 'e.html')

  phantomjs://platform/console++.js:263 in error
[ERROR - 2019-03-11T02:55:45.284Z] Session [f9021220-43a8-11e9-a44b-8d44f2ff85a1] - page.onError - stack:
  (anonymous function) (http://img.17k.com/2015/js/subject/chapter_free.js:1)
  onreadystatechange (http://img.17k.com/2015/Q/Q.js:1)

  phantomjs://platform/console++.js:263 in error
[ERROR - 2019-03-11T02:55:49.465Z] Session [f9021220-43a8-11e9-a44b-8d44f2ff85a1] - page.onError - msg: TypeError: undefined is not an object (evaluating 'e.html')

  phantomjs://platform/console++.js:263 in error
[ERROR - 2019-03-11T02:55:49.465Z] Session [f9021220-43a8-11e9-a44b-8d44f2ff85a1] - page.onError - stack:
  (anonymous function) (http://img.17k.com/2015/js/subject/chapter_free.js:1)
  onreadystatechange (http://img.17k.com/2015/Q/Q.js:1)

  phantomjs://platform/console++.js:263 in error
[ERROR - 2019-03-11T02:55:52.435Z] Session [f9021220-43a8-11e9-a44b-8d44f2ff85a1] - page.onError - msg: TypeError: undefined is not an object (evaluating 'e.html')

  phantomjs://platform/console++.js:263 in error
[ERROR - 2019-03-11T02:55:52.435Z] Session [f9021220-43a8-11e9-a44b-8d44f2ff85a1] - page.onError - stack:
  (anonymous function) (http://img.17k.com/2015/js/subject/chapter_free.js:1)
  onreadystatechange (http://img.17k.com/2015/Q/Q.js:1)

  phantomjs://platform/console++.js:263 in error
